Arguments: 
  /usr/bin/node /usr/bin/yarn install

PATH: 
  /usr/local/sbin:/usr/local/bin:/usr/sbin:/usr/bin:/sbin:/bin:/usr/games:/usr/local/games:/snap/bin

Yarn version: 
  1.10.1

Node version: 
  8.12.0

Platform: 
  linux x64

Trace: 
  Error: getaddrinfo ENOTFOUND registry.yarnpkg.com registry.yarnpkg.com:443
      at GetAddrInfoReqWrap.onlookup [as oncomplete] (dns.js:67:26)

npm manifest: 
  {
    "name": "real-time-polling-app",
    "version": "1.0.0",
    "description": "",
    "main": "index.js",
    "scripts": {
      "start": "node app.js",
      "dev": "nodemon app.js"
    },
    "repository": {
      "type": "git",
      "url": "git+https://github.com/ahsan26/real-time-polling-app.git"
    },
    "keywords": [],
    "author": "",
    "license": "ISC",
    "bugs": {
      "url": "https://github.com/ahsan26/real-time-polling-app/issues"
    },
    "homepage": "https://github.com/ahsan26/real-time-polling-app#readme",
    "dependencies": {
      "body-parser": "^1.18.3",
      "cors": "^2.8.5",
      "express": "^4.16.4",
      "mongoose": "^5.3.15",
      "pusher": "^2.2.0"
    },
    "devDependencies": {
      "nodemon": "^1.18.7"
    }
  }

yarn manifest: 
  No manifest

Lockfile: 
  No lockfile
